{"logTime": "1124/092926", "correlationVector":"+XV/0iVgZq1DXqaCKbzip7.2","action":"ProcessGetUpdates", "result":"Done", "context":{"dataType":"Passwords", "deleted":"0", "process_failed_to_decrypt":"0", "process_pending_decryption":"0", "process_success":"1", "total":"1"}}
{"logTime": "1124/092926", "correlationVector":"+XV/0iVgZq1DXqaCKbzip7.3","action":"GetUpdates Response", "result":"Success", "context":Received 1 update(s). cV=+XV/0iVgZq1DXqaCKbzip7.0;server=akswtt02300000b;cloudType=Consumer;environment=Prod_southindia_prod-s01-004-apac-southindia;migrationStage=NotStarted}
{"logTime": "1124/092926", "correlationVector":"6VmqE2g+wUksvaA21jKLbK","action":"Normal GetUpdate request", "result":"", "context":cV=6VmqE2g+wUksvaA21jKLbK
Nudged types: Sessions, Device Info, History
Refresh requested types: Bookmarks, Preferences, Passwords, Autofill Profiles, Autofill, Extensions, Sessions, Extension settings, History Delete Directives, Device Info, User Consents, Send Tab To Self, Web Apps, History, Saved Tab Group, WebAuthn Credentials, Collection, Edge E Drop, Edge Hub App Usage, Edge Wallet, Encryption Keys}
{"logTime": "1124/092927", "correlationVector":"6VmqE2g+wUksvaA21jKLbK.1","action":"SyncServerConnectionManagerRequest", "result":"SYNC_SERVER_OK", "context":{"environment":"Prod_southindia_prod-s01-004-apac-southindia", "migrationStage":"NotStarted", "server":"akswtt02300000p"}}
{"logTime": "1124/092927", "correlationVector":"6VmqE2g+wUksvaA21jKLbK.2","action":"ProcessGetUpdates", "result":"Done", "context":{"dataType":"Sessions", "deleted":"6", "process_failed_to_decrypt":"0", "process_pending_decryption":"0", "process_success":"8", "total":"8"}}
{"logTime": "1124/092927", "correlationVector":"6VmqE2g+wUksvaA21jKLbK.3","action":"ProcessGetUpdates", "result":"Done", "context":{"dataType":"Device Info", "deleted":"0", "process_failed_to_decrypt":"0", "process_pending_decryption":"0", "process_success":"1", "total":"1"}}
{"logTime": "1124/092927", "correlationVector":"6VmqE2g+wUksvaA21jKLbK.4","action":"ProcessGetUpdates", "result":"Done", "context":{"dataType":"History", "deleted":"0", "process_failed_to_decrypt":"0", "process_pending_decryption":"0", "process_success":"17", "total":"17"}}
{"logTime": "1124/092927", "correlationVector":"6VmqE2g+wUksvaA21jKLbK.5","action":"GetUpdates Response", "result":"Success", "context":Received 26 update(s). cV=6VmqE2g+wUksvaA21jKLbK.0;server=akswtt02300000p;cloudType=Consumer;environment=Prod_southindia_prod-s01-004-apac-southindia;migrationStage=NotStarted}
{"logTime": "1125/093122", "correlationVector":"1Ic6JZDq9LfiQ/7yGAYyP6.1","action":"SyncServerConnectionManagerRequest", "result":"SYNC_SERVER_OK", "context":{"environment":"Prod_southeastasia_prod-s01-065-apac-southeastasia", "migrationStage":"NotStarted", "server":"akswtt10800000m"}}
{"logTime": "1125/093122", "correlationVector":"1Ic6JZDq9LfiQ/7yGAYyP6.2","action":"ProcessGetUpdates", "result":"Done", "context":{"dataType":"Encryption Keys", "deleted":"0", "process_failed_to_decrypt":"0", "process_pending_decryption":"0", "process_success":"1", "total":"1"}}
{"logTime": "1125/093123", "correlationVector":"+AGDnFb7XIO5Cwhwpjp48s","action":"SyncServerConnectionManagerRequest", "result":"SYNC_SERVER_OK", "context":{"environment":"", "migrationStage":"", "server":""}}
{"logTime": "1125/093123", "correlationVector":"+AGDnFb7XIO5Cwhwpjp48s.0","action":"EncryptionKeysFetcher.DownloadKeys:", "result":"Success", "context":Key count: 1, Last key timestamp: 2025-08-05T11:23:50Z}
{"logTime": "1125/093123", "correlationVector":"+AGDnFb7XIO5Cwhwpjp48s.1","action":"EncryptionKeysManager::SetEncryptionKeys:", "result":"Success", "context":Key names[1]:[+t+xsp90bk0kC8zCCkheVMPEtOm99Sif/N3dVYp7QgrhTowpDHlzdw/4WPvXR2XjRxhRL2jtP7qMTARAZ0Yo4Q==]}
{"logTime": "1125/093123", "correlationVector":"+AGDnFb7XIO5Cwhwpjp48s.2","action":"EncryptionKeysManager::SetEncryptionKeysWithTimestamps:", "result":"Success", "context":Key timestamps[1]:[2025-08-05T11:23:50Z]}
{"logTime": "1125/093123", "correlationVector":"1Ic6JZDq9LfiQ/7yGAYyP6","action":"Initial GetUpdates", "result":"", "context":Reason: NEW_CLIENT. cV=1Ic6JZDq9LfiQ/7yGAYyP6}
{"logTime": "1125/093123", "correlationVector":"1Ic6JZDq9LfiQ/7yGAYyP6.3","action":"GetUpdates Response", "result":"Success", "context":Received 1 update(s). cV=1Ic6JZDq9LfiQ/7yGAYyP6.0;server=akswtt10800000m;cloudType=Consumer;environment=Prod_southeastasia_prod-s01-065-apac-southeastasia;migrationStage=NotStarted}
{"logTime": "1125/093123", "correlationVector":"eU6ReTvXczTYF0EkTzWPF4","action":"Initial GetUpdates", "result":"", "context":Reason: NEWLY_SUPPORTED_DATATYPE. cV=eU6ReTvXczTYF0EkTzWPF4}
{"logTime": "1125/093123", "correlationVector":"eU6ReTvXczTYF0EkTzWPF4.1","action":"SyncServerConnectionManagerRequest", "result":"SYNC_SERVER_OK", "context":{"environment":"Prod_southindia_prod-s01-004-apac-southindia", "migrationStage":"NotStarted", "server":"akswtt02300001n"}}
{"logTime": "1125/093123", "correlationVector":"eU6ReTvXczTYF0EkTzWPF4.2","action":"ProcessGetUpdates", "result":"Done", "context":{"dataType":"Passwords", "deleted":"0", "process_failed_to_decrypt":"0", "process_pending_decryption":"0", "process_success":"1", "total":"1"}}
{"logTime": "1125/093123", "correlationVector":"eU6ReTvXczTYF0EkTzWPF4.3","action":"GetUpdates Response", "result":"Success", "context":Received 1 update(s). cV=eU6ReTvXczTYF0EkTzWPF4.0;server=akswtt02300001n;cloudType=Consumer;environment=Prod_southindia_prod-s01-004-apac-southindia;migrationStage=NotStarted}
{"logTime": "1125/093123", "correlationVector":"dQ7dZrVsA88yUD9feVN/9s","action":"Normal GetUpdate request", "result":"", "context":cV=dQ7dZrVsA88yUD9feVN/9s
Nudged types: Sessions, Device Info, History
Refresh requested types: Bookmarks, Preferences, Passwords, Autofill Profiles, Autofill, Extensions, Sessions, Extension settings, History Delete Directives, Device Info, User Consents, Send Tab To Self, Web Apps, History, Saved Tab Group, WebAuthn Credentials, Collection, Edge E Drop, Edge Hub App Usage, Edge Wallet, Encryption Keys}
{"logTime": "1125/093124", "correlationVector":"dQ7dZrVsA88yUD9feVN/9s.1","action":"SyncServerConnectionManagerRequest", "result":"SYNC_SERVER_OK", "context":{"environment":"Prod_southindia_prod-s01-004-apac-southindia", "migrationStage":"NotStarted", "server":"akswtt02300002f"}}
{"logTime": "1125/093124", "correlationVector":"dQ7dZrVsA88yUD9feVN/9s.2","action":"ProcessGetUpdates", "result":"Done", "context":{"dataType":"Preferences", "deleted":"0", "process_failed_to_decrypt":"0", "process_pending_decryption":"0", "process_success":"2", "total":"2"}}
{"logTime": "1125/093124", "correlationVector":"dQ7dZrVsA88yUD9feVN/9s.3","action":"ProcessGetUpdates", "result":"Done", "context":{"dataType":"Sessions", "deleted":"7", "process_failed_to_decrypt":"0", "process_pending_decryption":"0", "process_success":"35", "total":"35"}}
{"logTime": "1125/093124", "correlationVector":"dQ7dZrVsA88yUD9feVN/9s.4","action":"ProcessGetUpdates", "result":"Done", "context":{"dataType":"Device Info", "deleted":"0", "process_failed_to_decrypt":"0", "process_pending_decryption":"0", "process_success":"15", "total":"15"}}
{"logTime": "1125/093124", "correlationVector":"dQ7dZrVsA88yUD9feVN/9s.5","action":"ProcessGetUpdates", "result":"Done", "context":{"dataType":"History", "deleted":"0", "process_failed_to_decrypt":"0", "process_pending_decryption":"0", "process_success":"53", "total":"53"}}
{"logTime": "1125/093124", "correlationVector":"dQ7dZrVsA88yUD9feVN/9s.6","action":"GetUpdates Response", "result":"Success", "context":Received 105 update(s). cV=dQ7dZrVsA88yUD9feVN/9s.0;server=akswtt02300002f;cloudType=Consumer;environment=Prod_southindia_prod-s01-004-apac-southindia;migrationStage=NotStarted}
{"logTime": "1125/093124", "correlationVector":"GiaAP8EO9IxX3J8I+XvyhX","action":"Commit Request", "result":"", "context":Item count: 1
Contributing types: History}
{"logTime": "1125/093125", "correlationVector":"GiaAP8EO9IxX3J8I+XvyhX.1","action":"SyncServerConnectionManagerRequest", "result":"SYNC_SERVER_OK", "context":{"environment":"Prod_southindia_prod-s01-004-apac-southindia", "migrationStage":"NotStarted", "server":"akswtt02300000b"}}
{"logTime": "1125/093125", "correlationVector":"GiaAP8EO9IxX3J8I+XvyhX.2","action":"Commit Response", "result":"Success", "context":Result: Success. cV=GiaAP8EO9IxX3J8I+XvyhX.0;server=akswtt02300000b;cloudType=Consumer;environment=Prod_southindia_prod-s01-004-apac-southindia;migrationStage=NotStarted}
{"logTime": "1125/093125", "correlationVector":"szcyb29cdOdsX+SsYWiQEF","action":"Commit Request", "result":"", "context":Item count: 3
Contributing types: Sessions, History}
{"logTime": "1125/093125", "correlationVector":"szcyb29cdOdsX+SsYWiQEF.1","action":"SyncServerConnectionManagerRequest", "result":"SYNC_SERVER_OK", "context":{"environment":"Prod_southeastasia_prod-s01-065-apac-southeastasia", "migrationStage":"NotStarted", "server":"akswtt10800000m"}}
{"logTime": "1125/093125", "correlationVector":"szcyb29cdOdsX+SsYWiQEF.2","action":"Commit Response", "result":"Success", "context":Result: Success. cV=szcyb29cdOdsX+SsYWiQEF.0;server=akswtt10800000m;cloudType=Consumer;environment=Prod_southeastasia_prod-s01-065-apac-southeastasia;migrationStage=NotStarted}
{"logTime": "1125/093125", "correlationVector":"4oz+gDaw/WgzL8SxY2QD0k","action":"Commit Request", "result":"", "context":Item count: 1
Contributing types: Sessions}
{"logTime": "1125/093126", "correlationVector":"4oz+gDaw/WgzL8SxY2QD0k.1","action":"SyncServerConnectionManagerRequest", "result":"SYNC_SERVER_OK", "context":{"environment":"Prod_southeastasia_prod-s01-065-apac-southeastasia", "migrationStage":"NotStarted", "server":"akswtt10800000j"}}
{"logTime": "1125/093126", "correlationVector":"4oz+gDaw/WgzL8SxY2QD0k.2","action":"Commit Response", "result":"Success", "context":Result: Success. cV=4oz+gDaw/WgzL8SxY2QD0k.0;server=akswtt10800000j;cloudType=Consumer;environment=Prod_southeastasia_prod-s01-065-apac-southeastasia;migrationStage=NotStarted}
{"logTime": "1125/093126", "correlationVector":"Bf6NBFZPciqQelb/14g/Gl","action":"Poll GetUpdate request", "result":"", "context":cV=Bf6NBFZPciqQelb/14g/Gl}
{"logTime": "1125/093126", "correlationVector":"Bf6NBFZPciqQelb/14g/Gl.1","action":"SyncServerConnectionManagerRequest", "result":"SYNC_SERVER_OK", "context":{"environment":"Prod_southindia_prod-s01-004-apac-southindia", "migrationStage":"NotStarted", "server":"akswtt02300001k"}}
{"logTime": "1125/093126", "correlationVector":"Bf6NBFZPciqQelb/14g/Gl.2","action":"ProcessGetUpdates", "result":"Done", "context":{"dataType":"Sessions", "deleted":"0", "process_failed_to_decrypt":"0", "process_pending_decryption":"0", "process_success":"2", "total":"2"}}
{"logTime": "1125/093126", "correlationVector":"Bf6NBFZPciqQelb/14g/Gl.3","action":"ProcessGetUpdates", "result":"Done", "context":{"dataType":"History", "deleted":"0", "process_failed_to_decrypt":"0", "process_pending_decryption":"0", "process_success":"1", "total":"1"}}
{"logTime": "1125/093126", "correlationVector":"Bf6NBFZPciqQelb/14g/Gl.4","action":"GetUpdates Response", "result":"Success", "context":Received 3 update(s). cV=Bf6NBFZPciqQelb/14g/Gl.0;server=akswtt02300001k;cloudType=Consumer;environment=Prod_southindia_prod-s01-004-apac-southindia;migrationStage=NotStarted}
{"logTime": "1125/093226", "correlationVector":"3zamHcqqhtn75IUarE3OEe","action":"Commit Request", "result":"", "context":Item count: 1
Contributing types: Device Info}
{"logTime": "1125/093227", "correlationVector":"3zamHcqqhtn75IUarE3OEe.1","action":"SyncServerConnectionManagerRequest", "result":"SYNC_SERVER_OK", "context":{"environment":"Prod_southeastasia_prod-s01-065-apac-southeastasia", "migrationStage":"NotStarted", "server":"akswtt10800000k"}}
{"logTime": "1125/093227", "correlationVector":"3zamHcqqhtn75IUarE3OEe.2","action":"Commit Response", "result":"Success", "context":Result: Success. cV=3zamHcqqhtn75IUarE3OEe.0;server=akswtt10800000k;cloudType=Consumer;environment=Prod_southeastasia_prod-s01-065-apac-southeastasia;migrationStage=NotStarted}
{"logTime": "1125/093423", "correlationVector":"axCeuvL8SZTcsXewF4ZXFt","action":"Commit Request", "result":"", "context":Item count: 4
Contributing types: Sessions, History}
{"logTime": "1125/093424", "correlationVector":"axCeuvL8SZTcsXewF4ZXFt.1","action":"SyncServerConnectionManagerRequest", "result":"SYNC_SERVER_OK", "context":{"environment":"Prod_southindia_prod-s01-004-apac-southindia", "migrationStage":"NotStarted", "server":"akswtt02300000p"}}
{"logTime": "1125/093424", "correlationVector":"axCeuvL8SZTcsXewF4ZXFt.2","action":"Commit Response", "result":"Success", "context":Result: Success. cV=axCeuvL8SZTcsXewF4ZXFt.0;server=akswtt02300000p;cloudType=Consumer;environment=Prod_southindia_prod-s01-004-apac-southindia;migrationStage=NotStarted}
{"logTime": "1125/094423", "correlationVector":"Bxvz6W+gXeT9VL9Wrth4Jy","action":"Commit Request", "result":"", "context":Item count: 4
Contributing types: Sessions, History}
{"logTime": "1125/094425", "correlationVector":"Bxvz6W+gXeT9VL9Wrth4Jy.1","action":"SyncServerConnectionManagerRequest", "result":"SYNC_SERVER_OK", "context":{"environment":"Prod_southindia_prod-s01-004-apac-southindia", "migrationStage":"NotStarted", "server":"akswtt023000004"}}
{"logTime": "1125/094425", "correlationVector":"Bxvz6W+gXeT9VL9Wrth4Jy.2","action":"Commit Response", "result":"Success", "context":Result: Success. cV=Bxvz6W+gXeT9VL9Wrth4Jy.0;server=akswtt023000004;cloudType=Consumer;environment=Prod_southindia_prod-s01-004-apac-southindia;migrationStage=NotStarted}
{"logTime": "1125/094528", "correlationVector":"XeTCpIcjHUf1ORyVocRLxM","action":"Commit Request", "result":"", "context":Item count: 7
Contributing types: Sessions, History}
{"logTime": "1125/094529", "correlationVector":"XeTCpIcjHUf1ORyVocRLxM.1","action":"SyncServerConnectionManagerRequest", "result":"SYNC_SERVER_OK", "context":{"environment":"Prod_southindia_prod-s01-004-apac-southindia", "migrationStage":"NotStarted", "server":"akswtt02300001x"}}
{"logTime": "1125/094529", "correlationVector":"XeTCpIcjHUf1ORyVocRLxM.2","action":"Commit Response", "result":"Success", "context":Result: Success. cV=XeTCpIcjHUf1ORyVocRLxM.0;server=akswtt02300001x;cloudType=Consumer;environment=Prod_southindia_prod-s01-004-apac-southindia;migrationStage=NotStarted}
{"logTime": "1125/103321", "correlationVector":"/0mymEw1zxUPc3oqE+AI+q.1","action":"SyncServerConnectionManagerRequest", "result":"SYNC_SERVER_OK", "context":{"environment":"Prod_southindia_prod-s01-004-apac-southindia", "migrationStage":"NotStarted", "server":"akswtt02300001k"}}
{"logTime": "1125/103321", "correlationVector":"/0mymEw1zxUPc3oqE+AI+q.2","action":"ProcessGetUpdates", "result":"Done", "context":{"dataType":"Encryption Keys", "deleted":"0", "process_failed_to_decrypt":"0", "process_pending_decryption":"0", "process_success":"1", "total":"1"}}
{"logTime": "1125/103322", "correlationVector":"iHGR8eqU3M0RkJHIrRqxEl","action":"SyncServerConnectionManagerRequest", "result":"SYNC_SERVER_OK", "context":{"environment":"", "migrationStage":"", "server":""}}
{"logTime": "1125/103322", "correlationVector":"iHGR8eqU3M0RkJHIrRqxEl.0","action":"EncryptionKeysFetcher.DownloadKeys:", "result":"Success", "context":Key count: 1, Last key timestamp: 2025-08-05T11:23:50Z}
{"logTime": "1125/103322", "correlationVector":"iHGR8eqU3M0RkJHIrRqxEl.1","action":"EncryptionKeysManager::SetEncryptionKeys:", "result":"Success", "context":Key names[1]:[+t+xsp90bk0kC8zCCkheVMPEtOm99Sif/N3dVYp7QgrhTowpDHlzdw/4WPvXR2XjRxhRL2jtP7qMTARAZ0Yo4Q==]}
{"logTime": "1125/103322", "correlationVector":"iHGR8eqU3M0RkJHIrRqxEl.2","action":"EncryptionKeysManager::SetEncryptionKeysWithTimestamps:", "result":"Success", "context":Key timestamps[1]:[2025-08-05T11:23:50Z]}
{"logTime": "1125/103322", "correlationVector":"/0mymEw1zxUPc3oqE+AI+q","action":"Initial GetUpdates", "result":"", "context":Reason: NEW_CLIENT. cV=/0mymEw1zxUPc3oqE+AI+q}
{"logTime": "1125/103322", "correlationVector":"/0mymEw1zxUPc3oqE+AI+q.3","action":"GetUpdates Response", "result":"Success", "context":Received 1 update(s). cV=/0mymEw1zxUPc3oqE+AI+q.0;server=akswtt02300001k;cloudType=Consumer;environment=Prod_southindia_prod-s01-004-apac-southindia;migrationStage=NotStarted}
{"logTime": "1125/103322", "correlationVector":"46nqnVxMMQ7wG3mhmbxSQC","action":"Initial GetUpdates", "result":"", "context":Reason: NEWLY_SUPPORTED_DATATYPE. cV=46nqnVxMMQ7wG3mhmbxSQC}
{"logTime": "1125/103323", "correlationVector":"46nqnVxMMQ7wG3mhmbxSQC.1","action":"SyncServerConnectionManagerRequest", "result":"SYNC_SERVER_OK", "context":{"environment":"Prod_southindia_prod-s01-004-apac-southindia", "migrationStage":"NotStarted", "server":"akswtt02300001u"}}
{"logTime": "1125/103323", "correlationVector":"46nqnVxMMQ7wG3mhmbxSQC.2","action":"ProcessGetUpdates", "result":"Done", "context":{"dataType":"Passwords", "deleted":"0", "process_failed_to_decrypt":"0", "process_pending_decryption":"0", "process_success":"1", "total":"1"}}
{"logTime": "1125/103323", "correlationVector":"46nqnVxMMQ7wG3mhmbxSQC.3","action":"GetUpdates Response", "result":"Success", "context":Received 1 update(s). cV=46nqnVxMMQ7wG3mhmbxSQC.0;server=akswtt02300001u;cloudType=Consumer;environment=Prod_southindia_prod-s01-004-apac-southindia;migrationStage=NotStarted}
{"logTime": "1125/103323", "correlationVector":"riIattJuMvkfVdD+ctpd/u","action":"Normal GetUpdate request", "result":"", "context":cV=riIattJuMvkfVdD+ctpd/u
Nudged types: Sessions, Device Info, History
Refresh requested types: Bookmarks, Preferences, Passwords, Autofill Profiles, Autofill, Extensions, Sessions, Extension settings, History Delete Directives, Device Info, User Consents, Send Tab To Self, Web Apps, History, Saved Tab Group, WebAuthn Credentials, Collection, Edge E Drop, Edge Hub App Usage, Edge Wallet, Encryption Keys}
{"logTime": "1125/103324", "correlationVector":"riIattJuMvkfVdD+ctpd/u.1","action":"SyncServerConnectionManagerRequest", "result":"SYNC_SERVER_OK", "context":{"environment":"Prod_southindia_prod-s01-004-apac-southindia", "migrationStage":"NotStarted", "server":"akswtt023000005"}}
{"logTime": "1125/103324", "correlationVector":"riIattJuMvkfVdD+ctpd/u.2","action":"ProcessGetUpdates", "result":"Done", "context":{"dataType":"Sessions", "deleted":"2", "process_failed_to_decrypt":"0", "process_pending_decryption":"0", "process_success":"4", "total":"4"}}
{"logTime": "1125/103324", "correlationVector":"riIattJuMvkfVdD+ctpd/u.3","action":"ProcessGetUpdates", "result":"Done", "context":{"dataType":"Device Info", "deleted":"0", "process_failed_to_decrypt":"0", "process_pending_decryption":"0", "process_success":"1", "total":"1"}}
{"logTime": "1125/103324", "correlationVector":"riIattJuMvkfVdD+ctpd/u.4","action":"ProcessGetUpdates", "result":"Done", "context":{"dataType":"History", "deleted":"0", "process_failed_to_decrypt":"0", "process_pending_decryption":"0", "process_success":"5", "total":"5"}}
{"logTime": "1125/103324", "correlationVector":"riIattJuMvkfVdD+ctpd/u.5","action":"GetUpdates Response", "result":"Success", "context":Received 10 update(s). cV=riIattJuMvkfVdD+ctpd/u.0;server=akswtt023000005;cloudType=Consumer;environment=Prod_southindia_prod-s01-004-apac-southindia;migrationStage=NotStarted}
{"logTime": "1125/103425", "correlationVector":"Ggauu1VNN/LIpPxYRWGh9d","action":"Commit Request", "result":"", "context":Item count: 3
Contributing types: Sessions, History}
{"logTime": "1125/103425", "correlationVector":"Ggauu1VNN/LIpPxYRWGh9d.1","action":"SyncServerConnectionManagerRequest", "result":"SYNC_SERVER_OK", "context":{"environment":"Prod_southindia_prod-s01-004-apac-southindia", "migrationStage":"NotStarted", "server":"akswtt023000008"}}
{"logTime": "1125/103425", "correlationVector":"Ggauu1VNN/LIpPxYRWGh9d.2","action":"Commit Response", "result":"Success", "context":Result: Success. cV=Ggauu1VNN/LIpPxYRWGh9d.0;server=akswtt023000008;cloudType=Consumer;environment=Prod_southindia_prod-s01-004-apac-southindia;migrationStage=NotStarted}
{"logTime": "1125/103549", "correlationVector":"27qn4qa5Lc7vpPlL70dNRn","action":"Commit Request", "result":"", "context":Item count: 3
Contributing types: Sessions, History}
{"logTime": "1125/103551", "correlationVector":"27qn4qa5Lc7vpPlL70dNRn.1","action":"SyncServerConnectionManagerRequest", "result":"SYNC_SERVER_OK", "context":{"environment":"Prod_southindia_prod-s01-004-apac-southindia", "migrationStage":"NotStarted", "server":"akswtt023000006"}}
{"logTime": "1125/103551", "correlationVector":"27qn4qa5Lc7vpPlL70dNRn.2","action":"Commit Response", "result":"Success", "context":Result: Success. cV=27qn4qa5Lc7vpPlL70dNRn.0;server=akswtt023000006;cloudType=Consumer;environment=Prod_southindia_prod-s01-004-apac-southindia;migrationStage=NotStarted}
{"logTime": "1125/103713", "correlationVector":"/iPEXyFupD6dCVHlPz3oGj","action":"Commit Request", "result":"", "context":Item count: 4
Contributing types: Sessions, History}
{"logTime": "1125/103714", "correlationVector":"/iPEXyFupD6dCVHlPz3oGj.1","action":"SyncServerConnectionManagerRequest", "result":"SYNC_SERVER_OK", "context":{"environment":"Prod_southindia_prod-s01-004-apac-southindia", "migrationStage":"NotStarted", "server":"akswtt023000018"}}
{"logTime": "1125/103714", "correlationVector":"/iPEXyFupD6dCVHlPz3oGj.2","action":"Commit Response", "result":"Success", "context":Result: Success. cV=/iPEXyFupD6dCVHlPz3oGj.0;server=akswtt023000018;cloudType=Consumer;environment=Prod_southindia_prod-s01-004-apac-southindia;migrationStage=NotStarted}
{"logTime": "1125/103833", "correlationVector":"2s8YXTeu0g6ORoAbVuOlcD","action":"Commit Request", "result":"", "context":Item count: 2
Contributing types: Sessions}
{"logTime": "1125/103834", "correlationVector":"2s8YXTeu0g6ORoAbVuOlcD.1","action":"SyncServerConnectionManagerRequest", "result":"SYNC_SERVER_OK", "context":{"environment":"Prod_southindia_prod-s01-004-apac-southindia", "migrationStage":"NotStarted", "server":"akswtt023000003"}}
{"logTime": "1125/103834", "correlationVector":"2s8YXTeu0g6ORoAbVuOlcD.3","action":"Commit.Sessions", "result":"Success", "context":{"id":"d8301a69-5be9-472d-99a3-dee400bc0db6", "isDeleted":"true", "size":"0", "version":"1764067034620"}}
{"logTime": "1125/103834", "correlationVector":"2s8YXTeu0g6ORoAbVuOlcD.2","action":"Commit Response", "result":"Success", "context":Result: Success. cV=2s8YXTeu0g6ORoAbVuOlcD.0;server=akswtt023000003;cloudType=Consumer;environment=Prod_southindia_prod-s01-004-apac-southindia;migrationStage=NotStarted}
{"logTime": "1125/103924", "correlationVector":"4Ppt571cW11I221PQO3nNX","action":"Normal GetUpdate request", "result":"", "context":cV=4Ppt571cW11I221PQO3nNX
Notified types: Preferences, Device Info}
{"logTime": "1125/103924", "correlationVector":"4Ppt571cW11I221PQO3nNX.1","action":"SyncServerConnectionManagerRequest", "result":"SYNC_SERVER_OK", "context":{"environment":"Prod_southindia_prod-s01-004-apac-southindia", "migrationStage":"NotStarted", "server":"akswtt02300001i"}}
{"logTime": "1125/103924", "correlationVector":"4Ppt571cW11I221PQO3nNX.2","action":"ProcessGetUpdates", "result":"Done", "context":{"dataType":"Preferences", "deleted":"0", "process_failed_to_decrypt":"0", "process_pending_decryption":"0", "process_success":"1", "total":"1"}}
{"logTime": "1125/103924", "correlationVector":"4Ppt571cW11I221PQO3nNX.3","action":"ProcessGetUpdates", "result":"Done", "context":{"dataType":"Sessions", "deleted":"1", "process_failed_to_decrypt":"0", "process_pending_decryption":"0", "process_success":"3", "total":"3"}}
{"logTime": "1125/103924", "correlationVector":"4Ppt571cW11I221PQO3nNX.4","action":"ProcessGetUpdates", "result":"Done", "context":{"dataType":"Device Info", "deleted":"0", "process_failed_to_decrypt":"0", "process_pending_decryption":"0", "process_success":"1", "total":"1"}}
{"logTime": "1125/103924", "correlationVector":"4Ppt571cW11I221PQO3nNX.5","action":"ProcessGetUpdates", "result":"Done", "context":{"dataType":"History", "deleted":"0", "process_failed_to_decrypt":"0", "process_pending_decryption":"0", "process_success":"3", "total":"3"}}
{"logTime": "1125/103924", "correlationVector":"4Ppt571cW11I221PQO3nNX.6","action":"GetUpdates Response", "result":"Success", "context":Received 8 update(s). cV=4Ppt571cW11I221PQO3nNX.0;server=akswtt02300001i;cloudType=Consumer;environment=Prod_southindia_prod-s01-004-apac-southindia;migrationStage=NotStarted}
{"logTime": "1125/104658", "correlationVector":"Tr5CI10UTGTPJo/sNbLua3","action":"Commit Request", "result":"", "context":Item count: 4
Contributing types: Sessions, History}
{"logTime": "1125/104659", "correlationVector":"Tr5CI10UTGTPJo/sNbLua3.1","action":"SyncServerConnectionManagerRequest", "result":"SYNC_SERVER_OK", "context":{"environment":"Prod_southindia_prod-s01-004-apac-southindia", "migrationStage":"NotStarted", "server":"akswtt02300000t"}}
{"logTime": "1125/104659", "correlationVector":"Tr5CI10UTGTPJo/sNbLua3.2","action":"Commit Response", "result":"Success", "context":Result: Success. cV=Tr5CI10UTGTPJo/sNbLua3.0;server=akswtt02300000t;cloudType=Consumer;environment=Prod_southindia_prod-s01-004-apac-southindia;migrationStage=NotStarted}
{"logTime": "1125/105027", "correlationVector":"zusDWSHCtr3zFHyj/Oy+hC","action":"Commit Request", "result":"", "context":Item count: 2
Contributing types: Sessions}
{"logTime": "1125/105028", "correlationVector":"zusDWSHCtr3zFHyj/Oy+hC.1","action":"SyncServerConnectionManagerRequest", "result":"SYNC_SERVER_OK", "context":{"environment":"Prod_southeastasia_prod-s01-064-apac-southeastasia", "migrationStage":"NotStarted", "server":"akswtt10800000a"}}
{"logTime": "1125/105028", "correlationVector":"zusDWSHCtr3zFHyj/Oy+hC.3","action":"Commit.Sessions", "result":"Success", "context":{"id":"47a018e2-bdee-400e-b69a-610d260ab14f", "isDeleted":"true", "size":"0", "version":"1764067619713"}}
{"logTime": "1125/105028", "correlationVector":"zusDWSHCtr3zFHyj/Oy+hC.2","action":"Commit Response", "result":"Success", "context":Result: Success. cV=zusDWSHCtr3zFHyj/Oy+hC.0;server=akswtt10800000a;cloudType=Consumer;environment=Prod_southeastasia_prod-s01-064-apac-southeastasia;migrationStage=NotStarted}
{"logTime": "1125/105139", "correlationVector":"GhRti+c4rBgb0NKnOsdXjv","action":"Normal GetUpdate request", "result":"", "context":cV=GhRti+c4rBgb0NKnOsdXjv
Notified types: Device Info}
{"logTime": "1125/105139", "correlationVector":"GhRti+c4rBgb0NKnOsdXjv.1","action":"SyncServerConnectionManagerRequest", "result":"SYNC_SERVER_OK", "context":{"environment":"Prod_southindia_prod-s01-004-apac-southindia", "migrationStage":"NotStarted", "server":"akswtt02300000l"}}
{"logTime": "1125/105139", "correlationVector":"GhRti+c4rBgb0NKnOsdXjv.2","action":"ProcessGetUpdates", "result":"Done", "context":{"dataType":"Sessions", "deleted":"1", "process_failed_to_decrypt":"0", "process_pending_decryption":"0", "process_success":"3", "total":"3"}}
{"logTime": "1125/105139", "correlationVector":"GhRti+c4rBgb0NKnOsdXjv.3","action":"ProcessGetUpdates", "result":"Done", "context":{"dataType":"Device Info", "deleted":"0", "process_failed_to_decrypt":"0", "process_pending_decryption":"0", "process_success":"1", "total":"1"}}
{"logTime": "1125/105139", "correlationVector":"GhRti+c4rBgb0NKnOsdXjv.4","action":"ProcessGetUpdates", "result":"Done", "context":{"dataType":"History", "deleted":"0", "process_failed_to_decrypt":"0", "process_pending_decryption":"0", "process_success":"1", "total":"1"}}
{"logTime": "1125/105139", "correlationVector":"GhRti+c4rBgb0NKnOsdXjv.5","action":"GetUpdates Response", "result":"Success", "context":Received 5 update(s). cV=GhRti+c4rBgb0NKnOsdXjv.0;server=akswtt02300000l;cloudType=Consumer;environment=Prod_southindia_prod-s01-004-apac-southindia;migrationStage=NotStarted}
{"logTime": "1125/105230", "correlationVector":"6lcv4yM6yOatnfaLGtseNR","action":"Normal GetUpdate request", "result":"", "context":cV=6lcv4yM6yOatnfaLGtseNR
Notified types: Device Info}
{"logTime": "1125/105231", "correlationVector":"6lcv4yM6yOatnfaLGtseNR.1","action":"SyncServerConnectionManagerRequest", "result":"SYNC_SERVER_OK", "context":{"environment":"Prod_southeastasia_prod-s01-065-apac-southeastasia", "migrationStage":"NotStarted", "server":"akswtt10800000f"}}
{"logTime": "1125/105231", "correlationVector":"6lcv4yM6yOatnfaLGtseNR.2","action":"ProcessGetUpdates", "result":"Done", "context":{"dataType":"Device Info", "deleted":"0", "process_failed_to_decrypt":"0", "process_pending_decryption":"0", "process_success":"1", "total":"1"}}
{"logTime": "1125/105231", "correlationVector":"6lcv4yM6yOatnfaLGtseNR.3","action":"GetUpdates Response", "result":"Success", "context":Received 1 update(s). cV=6lcv4yM6yOatnfaLGtseNR.0;server=akswtt10800000f;cloudType=Consumer;environment=Prod_southeastasia_prod-s01-065-apac-southeastasia;migrationStage=NotStarted}
{"logTime": "1125/110638", "correlationVector":"pBM266JmHqovMlub4X2iyS","action":"Normal GetUpdate request", "result":"", "context":cV=pBM266JmHqovMlub4X2iyS
Nudged types: Sessions
Notified types: Preferences, Device Info}
{"logTime": "1125/110638", "correlationVector":"pBM266JmHqovMlub4X2iyS.1","action":"SyncServerConnectionManagerRequest", "result":"SYNC_SERVER_OK", "context":{"environment":"Prod_southindia_prod-s01-004-apac-southindia", "migrationStage":"NotStarted", "server":"akswtt02300001o"}}
{"logTime": "1125/110638", "correlationVector":"pBM266JmHqovMlub4X2iyS.2","action":"ProcessGetUpdates", "result":"Done", "context":{"dataType":"Preferences", "deleted":"0", "process_failed_to_decrypt":"0", "process_pending_decryption":"0", "process_success":"1", "total":"1"}}
{"logTime": "1125/110638", "correlationVector":"pBM266JmHqovMlub4X2iyS.3","action":"ProcessGetUpdates", "result":"Done", "context":{"dataType":"Device Info", "deleted":"0", "process_failed_to_decrypt":"0", "process_pending_decryption":"0", "process_success":"1", "total":"1"}}
{"logTime": "1125/110638", "correlationVector":"pBM266JmHqovMlub4X2iyS.4","action":"GetUpdates Response", "result":"Success", "context":Received 2 update(s). cV=pBM266JmHqovMlub4X2iyS.0;server=akswtt02300001o;cloudType=Consumer;environment=Prod_southindia_prod-s01-004-apac-southindia;migrationStage=NotStarted}
{"logTime": "1125/110638", "correlationVector":"dVFksvZFlG6fCOcngC8dUl","action":"Commit Request", "result":"", "context":Item count: 1
Contributing types: Sessions}
{"logTime": "1125/110639", "correlationVector":"dVFksvZFlG6fCOcngC8dUl.1","action":"SyncServerConnectionManagerRequest", "result":"SYNC_SERVER_OK", "context":{"environment":"Prod_southindia_prod-s01-004-apac-southindia", "migrationStage":"NotStarted", "server":"akswtt02300000m"}}
{"logTime": "1125/110639", "correlationVector":"dVFksvZFlG6fCOcngC8dUl.2","action":"Commit Response", "result":"Success", "context":Result: Success. cV=dVFksvZFlG6fCOcngC8dUl.0;server=akswtt02300000m;cloudType=Consumer;environment=Prod_southindia_prod-s01-004-apac-southindia;migrationStage=NotStarted}
{"logTime": "1125/111917", "correlationVector":"b20azDFIVBHo5vl16dd04g","action":"Commit Request", "result":"", "context":Item count: 1
Contributing types: Sessions}
{"logTime": "1125/111918", "correlationVector":"b20azDFIVBHo5vl16dd04g.1","action":"SyncServerConnectionManagerRequest", "result":"SYNC_SERVER_OK", "context":{"environment":"Prod_southindia_prod-s01-004-apac-southindia", "migrationStage":"NotStarted", "server":"akswtt02300001h"}}
{"logTime": "1125/111918", "correlationVector":"b20azDFIVBHo5vl16dd04g.2","action":"Commit Response", "result":"Success", "context":Result: Success. cV=b20azDFIVBHo5vl16dd04g.0;server=akswtt02300001h;cloudType=Consumer;environment=Prod_southindia_prod-s01-004-apac-southindia;migrationStage=NotStarted}
{"logTime": "1125/120858", "correlationVector":"KRL1TDhFhEJxJ66D1Q9z0f","action":"Commit Request", "result":"", "context":Item count: 1
Contributing types: Sessions}
{"logTime": "1125/120900", "correlationVector":"KRL1TDhFhEJxJ66D1Q9z0f.1","action":"SyncServerConnectionManagerRequest", "result":"SYNC_SERVER_OK", "context":{"environment":"Prod_southindia_prod-s01-004-apac-southindia", "migrationStage":"NotStarted", "server":"akswtt02300002b"}}
{"logTime": "1125/120900", "correlationVector":"KRL1TDhFhEJxJ66D1Q9z0f.2","action":"Commit Response", "result":"Success", "context":Result: Success. cV=KRL1TDhFhEJxJ66D1Q9z0f.0;server=akswtt02300002b;cloudType=Consumer;environment=Prod_southindia_prod-s01-004-apac-southindia;migrationStage=NotStarted}
{"logTime": "1125/124126", "correlationVector":"28ecTXBelF21HLvK8YjIH4","action":"Commit Request", "result":"", "context":Item count: 1
Contributing types: Sessions}
{"logTime": "1125/124127", "correlationVector":"28ecTXBelF21HLvK8YjIH4.1","action":"SyncServerConnectionManagerRequest", "result":"SYNC_SERVER_OK", "context":{"environment":"Prod_southindia_prod-s01-004-apac-southindia", "migrationStage":"NotStarted", "server":"akswtt023000020"}}
{"logTime": "1125/124127", "correlationVector":"28ecTXBelF21HLvK8YjIH4.2","action":"Commit Response", "result":"Success", "context":Result: Success. cV=28ecTXBelF21HLvK8YjIH4.0;server=akswtt023000020;cloudType=Consumer;environment=Prod_southindia_prod-s01-004-apac-southindia;migrationStage=NotStarted}
{"logTime": "1126/135140", "correlationVector":"QJ4majmiifQm3pMaZTnj0f.1","action":"SyncServerConnectionManagerRequest", "result":"SYNC_SERVER_OK", "context":{"environment":"Prod_southindia_prod-s01-004-apac-southindia", "migrationStage":"NotStarted", "server":"akswtt02300000v"}}
{"logTime": "1126/135140", "correlationVector":"QJ4majmiifQm3pMaZTnj0f.2","action":"ProcessGetUpdates", "result":"Done", "context":{"dataType":"Encryption Keys", "deleted":"0", "process_failed_to_decrypt":"0", "process_pending_decryption":"0", "process_success":"1", "total":"1"}}
{"logTime": "1126/135141", "correlationVector":"XI/4/OVWYTyYOhYx3s3AHm","action":"SyncServerConnectionManagerRequest", "result":"SYNC_SERVER_OK", "context":{"environment":"", "migrationStage":"", "server":""}}
{"logTime": "1126/135141", "correlationVector":"XI/4/OVWYTyYOhYx3s3AHm.0","action":"EncryptionKeysFetcher.DownloadKeys:", "result":"Success", "context":Key count: 1, Last key timestamp: 2025-08-05T11:23:50Z}
{"logTime": "1126/135141", "correlationVector":"XI/4/OVWYTyYOhYx3s3AHm.1","action":"EncryptionKeysManager::SetEncryptionKeys:", "result":"Success", "context":Key names[1]:[+t+xsp90bk0kC8zCCkheVMPEtOm99Sif/N3dVYp7QgrhTowpDHlzdw/4WPvXR2XjRxhRL2jtP7qMTARAZ0Yo4Q==]}
{"logTime": "1126/135141", "correlationVector":"XI/4/OVWYTyYOhYx3s3AHm.2","action":"EncryptionKeysManager::SetEncryptionKeysWithTimestamps:", "result":"Success", "context":Key timestamps[1]:[2025-08-05T11:23:50Z]}
{"logTime": "1126/135141", "correlationVector":"QJ4majmiifQm3pMaZTnj0f","action":"Initial GetUpdates", "result":"", "context":Reason: NEW_CLIENT. cV=QJ4majmiifQm3pMaZTnj0f}
{"logTime": "1126/135141", "correlationVector":"QJ4majmiifQm3pMaZTnj0f.3","action":"GetUpdates Response", "result":"Success", "context":Received 1 update(s). cV=QJ4majmiifQm3pMaZTnj0f.0;server=akswtt02300000v;cloudType=Consumer;environment=Prod_southindia_prod-s01-004-apac-southindia;migrationStage=NotStarted}
{"logTime": "1126/135141", "correlationVector":"h7dO/n7XcPHRLduGKAFVJV","action":"Initial GetUpdates", "result":"", "context":Reason: NEWLY_SUPPORTED_DATATYPE. cV=h7dO/n7XcPHRLduGKAFVJV}
{"logTime": "1126/135142", "correlationVector":"h7dO/n7XcPHRLduGKAFVJV.1","action":"SyncServerConnectionManagerRequest", "result":"SYNC_SERVER_OK", "context":{"environment":"Prod_southindia_prod-s01-004-apac-southindia", "migrationStage":"NotStarted", "server":"akswtt02300000p"}}
{"logTime": "1126/135142", "correlationVector":"h7dO/n7XcPHRLduGKAFVJV.2","action":"ProcessGetUpdates", "result":"Done", "context":{"dataType":"Passwords", "deleted":"0", "process_failed_to_decrypt":"0", "process_pending_decryption":"0", "process_success":"1", "total":"1"}}
{"logTime": "1126/135142", "correlationVector":"h7dO/n7XcPHRLduGKAFVJV.3","action":"GetUpdates Response", "result":"Success", "context":Received 1 update(s). cV=h7dO/n7XcPHRLduGKAFVJV.0;server=akswtt02300000p;cloudType=Consumer;environment=Prod_southindia_prod-s01-004-apac-southindia;migrationStage=NotStarted}
{"logTime": "1126/135142", "correlationVector":"7VFdAiEWkxe4ocpgLiMtiB","action":"Normal GetUpdate request", "result":"", "context":cV=7VFdAiEWkxe4ocpgLiMtiB
Nudged types: Sessions, Device Info, History
Refresh requested types: Bookmarks, Preferences, Passwords, Autofill Profiles, Autofill, Extensions, Sessions, Extension settings, History Delete Directives, Device Info, User Consents, Send Tab To Self, Web Apps, History, Saved Tab Group, WebAuthn Credentials, Collection, Edge E Drop, Edge Hub App Usage, Edge Wallet, Encryption Keys}
{"logTime": "1126/135143", "correlationVector":"7VFdAiEWkxe4ocpgLiMtiB.1","action":"SyncServerConnectionManagerRequest", "result":"SYNC_SERVER_OK", "context":{"environment":"Prod_southindia_prod-s01-004-apac-southindia", "migrationStage":"NotStarted", "server":"akswtt02300000o"}}
{"logTime": "1126/135143", "correlationVector":"7VFdAiEWkxe4ocpgLiMtiB.2","action":"ProcessGetUpdates", "result":"Done", "context":{"dataType":"Preferences", "deleted":"0", "process_failed_to_decrypt":"0", "process_pending_decryption":"0", "process_success":"3", "total":"3"}}
{"logTime": "1126/135143", "correlationVector":"7VFdAiEWkxe4ocpgLiMtiB.3","action":"ProcessGetUpdates", "result":"Done", "context":{"dataType":"Sessions", "deleted":"1", "process_failed_to_decrypt":"0", "process_pending_decryption":"0", "process_success":"3", "total":"3"}}
{"logTime": "1126/135143", "correlationVector":"7VFdAiEWkxe4ocpgLiMtiB.4","action":"ProcessGetUpdates", "result":"Done", "context":{"dataType":"Device Info", "deleted":"0", "process_failed_to_decrypt":"0", "process_pending_decryption":"0", "process_success":"2", "total":"2"}}
{"logTime": "1126/135143", "correlationVector":"7VFdAiEWkxe4ocpgLiMtiB.5","action":"ProcessGetUpdates", "result":"Done", "context":{"dataType":"History", "deleted":"0", "process_failed_to_decrypt":"0", "process_pending_decryption":"0", "process_success":"8", "total":"8"}}
{"logTime": "1126/135143", "correlationVector":"7VFdAiEWkxe4ocpgLiMtiB.6","action":"GetUpdates Response", "result":"Success", "context":Received 16 update(s). cV=7VFdAiEWkxe4ocpgLiMtiB.0;server=akswtt02300000o;cloudType=Consumer;environment=Prod_southindia_prod-s01-004-apac-southindia;migrationStage=NotStarted}
{"logTime": "1126/135143", "correlationVector":"GI41kx4Ru1GSYAftu1+6S9","action":"Commit Request", "result":"", "context":Item count: 1
Contributing types: History}
{"logTime": "1126/135144", "correlationVector":"GI41kx4Ru1GSYAftu1+6S9.1","action":"SyncServerConnectionManagerRequest", "result":"SYNC_SERVER_OK", "context":{"environment":"Prod_southindia_prod-s01-004-apac-southindia", "migrationStage":"NotStarted", "server":"akswtt02300001q"}}
{"logTime": "1126/135144", "correlationVector":"GI41kx4Ru1GSYAftu1+6S9.2","action":"Commit Response", "result":"Success", "context":Result: Success. cV=GI41kx4Ru1GSYAftu1+6S9.0;server=akswtt02300001q;cloudType=Consumer;environment=Prod_southindia_prod-s01-004-apac-southindia;migrationStage=NotStarted}
{"logTime": "1126/135144", "correlationVector":"ezMHveDJFGyidDALQ1syrc","action":"Poll GetUpdate request", "result":"", "context":cV=ezMHveDJFGyidDALQ1syrc}
{"logTime": "1126/135145", "correlationVector":"ezMHveDJFGyidDALQ1syrc.1","action":"SyncServerConnectionManagerRequest", "result":"SYNC_SERVER_OK", "context":{"environment":"Prod_southindia_prod-s01-004-apac-southindia", "migrationStage":"NotStarted", "server":"akswtt023000024"}}
{"logTime": "1126/135145", "correlationVector":"ezMHveDJFGyidDALQ1syrc.2","action":"ProcessGetUpdates", "result":"Done", "context":{"dataType":"History", "deleted":"0", "process_failed_to_decrypt":"0", "process_pending_decryption":"0", "process_success":"1", "total":"1"}}
{"logTime": "1126/135145", "correlationVector":"ezMHveDJFGyidDALQ1syrc.3","action":"GetUpdates Response", "result":"Success", "context":Received 1 update(s). cV=ezMHveDJFGyidDALQ1syrc.0;server=akswtt023000024;cloudType=Consumer;environment=Prod_southindia_prod-s01-004-apac-southindia;migrationStage=NotStarted}
{"logTime": "1126/135247", "correlationVector":"+q9I+dRXs7InbONORXrBDH","action":"Commit Request", "result":"", "context":Item count: 1
Contributing types: Device Info}
{"logTime": "1126/135248", "correlationVector":"+q9I+dRXs7InbONORXrBDH.1","action":"SyncServerConnectionManagerRequest", "result":"SYNC_SERVER_OK", "context":{"environment":"Prod_southindia_prod-s01-004-apac-southindia", "migrationStage":"NotStarted", "server":"akswtt02300000f"}}
{"logTime": "1126/135248", "correlationVector":"+q9I+dRXs7InbONORXrBDH.2","action":"Commit Response", "result":"Success", "context":Result: Success. cV=+q9I+dRXs7InbONORXrBDH.0;server=akswtt02300000f;cloudType=Consumer;environment=Prod_southindia_prod-s01-004-apac-southindia;migrationStage=NotStarted}
{"logTime": "1126/135803", "correlationVector":"SKSCRe5uOXGgzZJeXWXR0v","action":"Commit Request", "result":"", "context":Item count: 2
Contributing types: Sessions}
{"logTime": "1126/135805", "correlationVector":"SKSCRe5uOXGgzZJeXWXR0v.1","action":"SyncServerConnectionManagerRequest", "result":"SYNC_SERVER_OK", "context":{"environment":"Prod_southindia_prod-s01-004-apac-southindia", "migrationStage":"NotStarted", "server":"akswtt023000009"}}
{"logTime": "1126/135805", "correlationVector":"SKSCRe5uOXGgzZJeXWXR0v.2","action":"Commit Response", "result":"Success", "context":Result: Success. cV=SKSCRe5uOXGgzZJeXWXR0v.0;server=akswtt023000009;cloudType=Consumer;environment=Prod_southindia_prod-s01-004-apac-southindia;migrationStage=NotStarted}
{"logTime": "1126/140610", "correlationVector":"v8B+PWOh6Q7jmAGdvC9I5I","action":"Commit Request", "result":"", "context":Item count: 1
Contributing types: Sessions}
{"logTime": "1126/140615", "correlationVector":"v8B+PWOh6Q7jmAGdvC9I5I.1","action":"SyncServerConnectionManagerRequest", "result":"SYNC_SERVER_OK", "context":{"environment":"Prod_southindia_prod-s01-004-apac-southindia", "migrationStage":"NotStarted", "server":"akswtt02300001z"}}
{"logTime": "1126/140615", "correlationVector":"v8B+PWOh6Q7jmAGdvC9I5I.2","action":"Commit Response", "result":"Success", "context":Result: Success. cV=v8B+PWOh6Q7jmAGdvC9I5I.0;server=akswtt02300001z;cloudType=Consumer;environment=Prod_southindia_prod-s01-004-apac-southindia;migrationStage=NotStarted}
{"logTime": "1130/074833", "correlationVector":"kVsF9B1gVTjp1x3v0q96Nt.1","action":"SyncServerConnectionManagerRequest", "result":"SYNC_SERVER_OK", "context":{"environment":"Prod_southindia_prod-s01-004-apac-southindia", "migrationStage":"NotStarted", "server":"akswtt02300000k"}}
{"logTime": "1130/074833", "correlationVector":"kVsF9B1gVTjp1x3v0q96Nt.2","action":"ProcessGetUpdates", "result":"Done", "context":{"dataType":"Encryption Keys", "deleted":"0", "process_failed_to_decrypt":"0", "process_pending_decryption":"0", "process_success":"1", "total":"1"}}
{"logTime": "1130/074834", "correlationVector":"jBnOqR8WOnKgjZEcqOpmeR","action":"SyncServerConnectionManagerRequest", "result":"SYNC_SERVER_OK", "context":{"environment":"", "migrationStage":"", "server":""}}
{"logTime": "1130/074834", "correlationVector":"jBnOqR8WOnKgjZEcqOpmeR.0","action":"EncryptionKeysFetcher.DownloadKeys:", "result":"Success", "context":Key count: 1, Last key timestamp: 2025-08-05T11:23:50Z}
{"logTime": "1130/074834", "correlationVector":"jBnOqR8WOnKgjZEcqOpmeR.1","action":"EncryptionKeysManager::SetEncryptionKeys:", "result":"Success", "context":Key names[1]:[+t+xsp90bk0kC8zCCkheVMPEtOm99Sif/N3dVYp7QgrhTowpDHlzdw/4WPvXR2XjRxhRL2jtP7qMTARAZ0Yo4Q==]}
{"logTime": "1130/074834", "correlationVector":"jBnOqR8WOnKgjZEcqOpmeR.2","action":"EncryptionKeysManager::SetEncryptionKeysWithTimestamps:", "result":"Success", "context":Key timestamps[1]:[2025-08-05T11:23:50Z]}
{"logTime": "1130/074834", "correlationVector":"kVsF9B1gVTjp1x3v0q96Nt","action":"Initial GetUpdates", "result":"", "context":Reason: NEW_CLIENT. cV=kVsF9B1gVTjp1x3v0q96Nt}
{"logTime": "1130/074834", "correlationVector":"kVsF9B1gVTjp1x3v0q96Nt.3","action":"GetUpdates Response", "result":"Success", "context":Received 1 update(s). cV=kVsF9B1gVTjp1x3v0q96Nt.0;server=akswtt02300000k;cloudType=Consumer;environment=Prod_southindia_prod-s01-004-apac-southindia;migrationStage=NotStarted}
{"logTime": "1130/074834", "correlationVector":"LBFKDDhRI0EeiEkmnQvJb7","action":"Initial GetUpdates", "result":"", "context":Reason: NEWLY_SUPPORTED_DATATYPE. cV=LBFKDDhRI0EeiEkmnQvJb7}
{"logTime": "1130/074835", "correlationVector":"LBFKDDhRI0EeiEkmnQvJb7.1","action":"SyncServerConnectionManagerRequest", "result":"SYNC_SERVER_OK", "context":{"environment":"Prod_southindia_prod-s01-004-apac-southindia", "migrationStage":"NotStarted", "server":"akswtt023000011"}}
{"logTime": "1130/074835", "correlationVector":"LBFKDDhRI0EeiEkmnQvJb7.2","action":"ProcessGetUpdates", "result":"Done", "context":{"dataType":"Passwords", "deleted":"0", "process_failed_to_decrypt":"0", "process_pending_decryption":"0", "process_success":"1", "total":"1"}}
{"logTime": "1130/074835", "correlationVector":"LBFKDDhRI0EeiEkmnQvJb7.3","action":"GetUpdates Response", "result":"Success", "context":Received 1 update(s). cV=LBFKDDhRI0EeiEkmnQvJb7.0;server=akswtt023000011;cloudType=Consumer;environment=Prod_southindia_prod-s01-004-apac-southindia;migrationStage=NotStarted}
{"logTime": "1130/074835", "correlationVector":"zRRyj+R4g5bZBrD+ItYE43","action":"Normal GetUpdate request", "result":"", "context":cV=zRRyj+R4g5bZBrD+ItYE43
Nudged types: Sessions, Device Info, History
Refresh requested types: Bookmarks, Preferences, Passwords, Autofill Profiles, Autofill, Extensions, Sessions, Extension settings, History Delete Directives, Device Info, User Consents, Send Tab To Self, Web Apps, History, Saved Tab Group, WebAuthn Credentials, Collection, Edge E Drop, Edge Hub App Usage, Edge Wallet, Encryption Keys}
{"logTime": "1130/074835", "correlationVector":"zRRyj+R4g5bZBrD+ItYE43.1","action":"SyncServerConnectionManagerRequest", "result":"SYNC_SERVER_OK", "context":{"environment":"Prod_southindia_prod-s01-004-apac-southindia", "migrationStage":"NotStarted", "server":"akswtt02300001e"}}
{"logTime": "1130/074835", "correlationVector":"zRRyj+R4g5bZBrD+ItYE43.2","action":"ProcessGetUpdates", "result":"Done", "context":{"dataType":"Preferences", "deleted":"0", "process_failed_to_decrypt":"0", "process_pending_decryption":"0", "process_success":"2", "total":"2"}}
{"logTime": "1130/074835", "correlationVector":"zRRyj+R4g5bZBrD+ItYE43.3","action":"ProcessGetUpdates", "result":"Done", "context":{"dataType":"Sessions", "deleted":"1", "process_failed_to_decrypt":"0", "process_pending_decryption":"0", "process_success":"3", "total":"3"}}
{"logTime": "1130/074835", "correlationVector":"zRRyj+R4g5bZBrD+ItYE43.4","action":"ProcessGetUpdates", "result":"Done", "context":{"dataType":"Device Info", "deleted":"0", "process_failed_to_decrypt":"0", "process_pending_decryption":"0", "process_success":"2", "total":"2"}}
{"logTime": "1130/074835", "correlationVector":"zRRyj+R4g5bZBrD+ItYE43.5","action":"ProcessGetUpdates", "result":"Done", "context":{"dataType":"History", "deleted":"0", "process_failed_to_decrypt":"0", "process_pending_decryption":"0", "process_success":"6", "total":"6"}}
{"logTime": "1130/074835", "correlationVector":"zRRyj+R4g5bZBrD+ItYE43.6","action":"GetUpdates Response", "result":"Success", "context":Received 13 update(s). cV=zRRyj+R4g5bZBrD+ItYE43.0;server=akswtt02300001e;cloudType=Consumer;environment=Prod_southindia_prod-s01-004-apac-southindia;migrationStage=NotStarted}
{"logTime": "1130/074835", "correlationVector":"L/M8SxKTDbBxGSPwT6ZlJJ","action":"Commit Request", "result":"", "context":Item count: 2
Contributing types: Sessions}
{"logTime": "1130/074836", "correlationVector":"L/M8SxKTDbBxGSPwT6ZlJJ.1","action":"SyncServerConnectionManagerRequest", "result":"SYNC_SERVER_OK", "context":{"environment":"Prod_southindia_prod-s01-004-apac-southindia", "migrationStage":"NotStarted", "server":"akswtt023000022"}}
{"logTime": "1130/074836", "correlationVector":"L/M8SxKTDbBxGSPwT6ZlJJ.3","action":"Commit.Sessions", "result":"Success", "context":{"id":"4d578668-18b8-4c6d-84a0-ecab10d6af0b", "isDeleted":"true", "size":"0", "version":"1763279157912"}}
{"logTime": "1130/074836", "correlationVector":"L/M8SxKTDbBxGSPwT6ZlJJ.4","action":"Commit.Sessions", "result":"Success", "context":{"id":"cae0e324-fe56-4187-afa6-66b20edbe53f", "isDeleted":"true", "size":"0", "version":"1763279157913"}}
{"logTime": "1130/074836", "correlationVector":"L/M8SxKTDbBxGSPwT6ZlJJ.2","action":"Commit Response", "result":"Success", "context":Result: Success. cV=L/M8SxKTDbBxGSPwT6ZlJJ.0;server=akswtt023000022;cloudType=Consumer;environment=Prod_southindia_prod-s01-004-apac-southindia;migrationStage=NotStarted}
{"logTime": "1130/074836", "correlationVector":"tqGv/Po6HVou8UWmqJMeTU","action":"Commit Request", "result":"", "context":Item count: 2
Contributing types: Sessions}
{"logTime": "1130/074836", "correlationVector":"tqGv/Po6HVou8UWmqJMeTU.1","action":"SyncServerConnectionManagerRequest", "result":"SYNC_SERVER_OK", "context":{"environment":"Prod_southindia_prod-s01-004-apac-southindia", "migrationStage":"NotStarted", "server":"akswtt02300000z"}}
{"logTime": "1130/074836", "correlationVector":"tqGv/Po6HVou8UWmqJMeTU.2","action":"Commit Response", "result":"Success", "context":Result: Success. cV=tqGv/Po6HVou8UWmqJMeTU.0;server=akswtt02300000z;cloudType=Consumer;environment=Prod_southindia_prod-s01-004-apac-southindia;migrationStage=NotStarted}
{"logTime": "1130/074836", "correlationVector":"CqxHbOIfhv6pAEzCq7ydyb","action":"Commit Request", "result":"", "context":Item count: 2
Contributing types: Sessions, History}
{"logTime": "1130/074837", "correlationVector":"CqxHbOIfhv6pAEzCq7ydyb.1","action":"SyncServerConnectionManagerRequest", "result":"SYNC_SERVER_OK", "context":{"environment":"Prod_southindia_prod-s01-004-apac-southindia", "migrationStage":"NotStarted", "server":"akswtt02300000l"}}
{"logTime": "1130/074837", "correlationVector":"CqxHbOIfhv6pAEzCq7ydyb.2","action":"Commit Response", "result":"Success", "context":Result: Success. cV=CqxHbOIfhv6pAEzCq7ydyb.0;server=akswtt02300000l;cloudType=Consumer;environment=Prod_southindia_prod-s01-004-apac-southindia;migrationStage=NotStarted}
{"logTime": "1130/074837", "correlationVector":"Ta+0mBoreJQacy+06MmSOZ","action":"Poll GetUpdate request", "result":"", "context":cV=Ta+0mBoreJQacy+06MmSOZ}
{"logTime": "1130/074837", "correlationVector":"Ta+0mBoreJQacy+06MmSOZ.1","action":"SyncServerConnectionManagerRequest", "result":"SYNC_SERVER_OK", "context":{"environment":"Prod_southindia_prod-s01-004-apac-southindia", "migrationStage":"NotStarted", "server":"akswtt02300000v"}}
{"logTime": "1130/074837", "correlationVector":"Ta+0mBoreJQacy+06MmSOZ.2","action":"ProcessGetUpdates", "result":"Done", "context":{"dataType":"Sessions", "deleted":"2", "process_failed_to_decrypt":"0", "process_pending_decryption":"0", "process_success":"4", "total":"4"}}
{"logTime": "1130/074837", "correlationVector":"Ta+0mBoreJQacy+06MmSOZ.3","action":"ProcessGetUpdates", "result":"Done", "context":{"dataType":"History", "deleted":"0", "process_failed_to_decrypt":"0", "process_pending_decryption":"0", "process_success":"1", "total":"1"}}
{"logTime": "1130/074837", "correlationVector":"Ta+0mBoreJQacy+06MmSOZ.4","action":"GetUpdates Response", "result":"Success", "context":Received 5 update(s). cV=Ta+0mBoreJQacy+06MmSOZ.0;server=akswtt02300000v;cloudType=Consumer;environment=Prod_southindia_prod-s01-004-apac-southindia;migrationStage=NotStarted}
{"logTime": "1130/074942", "correlationVector":"NE8myOzJbD2HWvOtrWujny","action":"Commit Request", "result":"", "context":Item count: 1
Contributing types: Device Info}
{"logTime": "1130/074943", "correlationVector":"NE8myOzJbD2HWvOtrWujny.1","action":"SyncServerConnectionManagerRequest", "result":"SYNC_SERVER_OK", "context":{"environment":"Prod_southindia_prod-s01-004-apac-southindia", "migrationStage":"NotStarted", "server":"akswtt023000028"}}
{"logTime": "1130/074943", "correlationVector":"NE8myOzJbD2HWvOtrWujny.2","action":"Commit Response", "result":"Success", "context":Result: Success. cV=NE8myOzJbD2HWvOtrWujny.0;server=akswtt023000028;cloudType=Consumer;environment=Prod_southindia_prod-s01-004-apac-southindia;migrationStage=NotStarted}
{"logTime": "1130/080024", "correlationVector":"4EeRWmVt+4y9v0yv4Z9fQl","action":"Commit Request", "result":"", "context":Item count: 1
Contributing types: Sessions}
{"logTime": "1130/080025", "correlationVector":"4EeRWmVt+4y9v0yv4Z9fQl.1","action":"SyncServerConnectionManagerRequest", "result":"SYNC_SERVER_OK", "context":{"environment":"Prod_southindia_prod-s01-004-apac-southindia", "migrationStage":"NotStarted", "server":"akswtt023000010"}}
{"logTime": "1130/080025", "correlationVector":"4EeRWmVt+4y9v0yv4Z9fQl.2","action":"Commit Response", "result":"Success", "context":Result: Success. cV=4EeRWmVt+4y9v0yv4Z9fQl.0;server=akswtt023000010;cloudType=Consumer;environment=Prod_southindia_prod-s01-004-apac-southindia;migrationStage=NotStarted}
{"logTime": "1130/080125", "correlationVector":"Qn8ah76eZtLMyKBT281oTJ","action":"Commit Request", "result":"", "context":Item count: 2
Contributing types: Sessions}
{"logTime": "1130/080126", "correlationVector":"Qn8ah76eZtLMyKBT281oTJ.1","action":"SyncServerConnectionManagerRequest", "result":"SYNC_SERVER_OK", "context":{"environment":"Prod_southindia_prod-s01-004-apac-southindia", "migrationStage":"NotStarted", "server":"akswtt02300001w"}}
{"logTime": "1130/080126", "correlationVector":"Qn8ah76eZtLMyKBT281oTJ.3","action":"Commit.Sessions", "result":"Success", "context":{"id":"a9355144-a7bc-4bb2-b8d5-c3c9d0823053", "isDeleted":"true", "size":"0", "version":"1763279919035"}}
{"logTime": "1130/080126", "correlationVector":"Qn8ah76eZtLMyKBT281oTJ.4","action":"Commit.Sessions", "result":"Success", "context":{"id":"48b566d0-e9bb-40e6-b3ec-c308c0f38954", "isDeleted":"true", "size":"0", "version":"1763279815573"}}
{"logTime": "1130/080126", "correlationVector":"Qn8ah76eZtLMyKBT281oTJ.2","action":"Commit Response", "result":"Success", "context":Result: Success. cV=Qn8ah76eZtLMyKBT281oTJ.0;server=akswtt02300001w;cloudType=Consumer;environment=Prod_southindia_prod-s01-004-apac-southindia;migrationStage=NotStarted}
{"logTime": "1130/081133", "correlationVector":"SmSP2k0zo89zIEGVeY69Jn","action":"Normal GetUpdate request", "result":"", "context":cV=SmSP2k0zo89zIEGVeY69Jn
Nudged types: Sessions
Notified types: Device Info}
{"logTime": "1130/081134", "correlationVector":"SmSP2k0zo89zIEGVeY69Jn.1","action":"SyncServerConnectionManagerRequest", "result":"SYNC_SERVER_OK", "context":{"environment":"Prod_southindia_prod-s01-004-apac-southindia", "migrationStage":"NotStarted", "server":"akswtt02300000y"}}
{"logTime": "1130/081134", "correlationVector":"SmSP2k0zo89zIEGVeY69Jn.2","action":"ProcessGetUpdates", "result":"Done", "context":{"dataType":"Sessions", "deleted":"8", "process_failed_to_decrypt":"0", "process_pending_decryption":"0", "process_success":"9", "total":"9"}}
{"logTime": "1130/081134", "correlationVector":"SmSP2k0zo89zIEGVeY69Jn.3","action":"ProcessGetUpdates", "result":"Done", "context":{"dataType":"Device Info", "deleted":"0", "process_failed_to_decrypt":"0", "process_pending_decryption":"0", "process_success":"2", "total":"2"}}
{"logTime": "1130/081134", "correlationVector":"SmSP2k0zo89zIEGVeY69Jn.4","action":"GetUpdates Response", "result":"Success", "context":Received 11 update(s). cV=SmSP2k0zo89zIEGVeY69Jn.0;server=akswtt02300000y;cloudType=Consumer;environment=Prod_southindia_prod-s01-004-apac-southindia;migrationStage=NotStarted}
{"logTime": "1130/081134", "correlationVector":"FaBwceN5ikcIb9/m2e+jiZ","action":"Commit Request", "result":"", "context":Item count: 1
Contributing types: Sessions}
{"logTime": "1130/081134", "correlationVector":"FaBwceN5ikcIb9/m2e+jiZ.1","action":"SyncServerConnectionManagerRequest", "result":"SYNC_SERVER_OK", "context":{"environment":"Prod_southindia_prod-s01-004-apac-southindia", "migrationStage":"NotStarted", "server":"akswtt02300001l"}}
{"logTime": "1130/081134", "correlationVector":"FaBwceN5ikcIb9/m2e+jiZ.2","action":"Commit Response", "result":"Success", "context":Result: Success. cV=FaBwceN5ikcIb9/m2e+jiZ.0;server=akswtt02300001l;cloudType=Consumer;environment=Prod_southindia_prod-s01-004-apac-southindia;migrationStage=NotStarted}
{"logTime": "1130/082625", "correlationVector":"9js7Y5NcxWtUlNdaVY8Rlm","action":"Commit Request", "result":"", "context":Item count: 1
Contributing types: Sessions}
{"logTime": "1130/082626", "correlationVector":"9js7Y5NcxWtUlNdaVY8Rlm.1","action":"SyncServerConnectionManagerRequest", "result":"SYNC_SERVER_OK", "context":{"environment":"Prod_southindia_prod-s01-004-apac-southindia", "migrationStage":"NotStarted", "server":"akswtt023000007"}}
{"logTime": "1130/082626", "correlationVector":"9js7Y5NcxWtUlNdaVY8Rlm.2","action":"Commit Response", "result":"Success", "context":Result: Success. cV=9js7Y5NcxWtUlNdaVY8Rlm.0;server=akswtt023000007;cloudType=Consumer;environment=Prod_southindia_prod-s01-004-apac-southindia;migrationStage=NotStarted}
{"logTime": "1130/082726", "correlationVector":"9LkhzUnhyvKvUOc94eZJqK","action":"Commit Request", "result":"", "context":Item count: 4
Contributing types: Sessions}
{"logTime": "1130/082726", "correlationVector":"9LkhzUnhyvKvUOc94eZJqK.1","action":"SyncServerConnectionManagerRequest", "result":"SYNC_SERVER_OK", "context":{"environment":"Prod_southindia_prod-s01-004-apac-southindia", "migrationStage":"NotStarted", "server":"akswtt023000013"}}
{"logTime": "1130/082726", "correlationVector":"9LkhzUnhyvKvUOc94eZJqK.3","action":"Commit.Sessions", "result":"Success", "context":{"id":"acea1dc4-46ec-4e92-a489-61ca748b0acc", "isDeleted":"true", "size":"0", "version":"1763280974170"}}
{"logTime": "1130/082726", "correlationVector":"9LkhzUnhyvKvUOc94eZJqK.4","action":"Commit.Sessions", "result":"Success", "context":{"id":"dd84bc29-ade2-4633-a911-b96b866b10c1", "isDeleted":"true", "size":"0", "version":"1763280844168"}}
{"logTime": "1130/082726", "correlationVector":"9LkhzUnhyvKvUOc94eZJqK.5","action":"Commit.Sessions", "result":"Success", "context":{"id":"7cc9e68c-0194-484d-980f-bed4016afafc", "isDeleted":"true", "size":"0", "version":"1763280973321"}}
{"logTime": "1130/082726", "correlationVector":"9LkhzUnhyvKvUOc94eZJqK.6","action":"Commit.Sessions", "result":"Success", "context":{"id":"08d73cd9-b436-4034-9048-378773b6266d", "isDeleted":"true", "size":"0", "version":"1763280843520"}}
{"logTime": "1130/082726", "correlationVector":"9LkhzUnhyvKvUOc94eZJqK.2","action":"Commit Response", "result":"Success", "context":Result: Success. cV=9LkhzUnhyvKvUOc94eZJqK.0;server=akswtt023000013;cloudType=Consumer;environment=Prod_southindia_prod-s01-004-apac-southindia;migrationStage=NotStarted}
{"logTime": "1130/094327", "correlationVector":"s5KMr2swDhvOvbY34Ps3OP.1","action":"SyncServerConnectionManagerRequest", "result":"SYNC_SERVER_OK", "context":{"environment":"Prod_southindia_prod-s01-004-apac-southindia", "migrationStage":"NotStarted", "server":"akswtt02300001d"}}
{"logTime": "1130/094327", "correlationVector":"s5KMr2swDhvOvbY34Ps3OP.2","action":"ProcessGetUpdates", "result":"Done", "context":{"dataType":"Encryption Keys", "deleted":"0", "process_failed_to_decrypt":"0", "process_pending_decryption":"0", "process_success":"1", "total":"1"}}
{"logTime": "1130/094328", "correlationVector":"k1RKk8NLPMdTpJ9buffUzv","action":"SyncServerConnectionManagerRequest", "result":"SYNC_SERVER_OK", "context":{"environment":"", "migrationStage":"", "server":""}}
{"logTime": "1130/094328", "correlationVector":"k1RKk8NLPMdTpJ9buffUzv.0","action":"EncryptionKeysFetcher.DownloadKeys:", "result":"Success", "context":Key count: 1, Last key timestamp: 2025-08-05T11:23:50Z}
{"logTime": "1130/094328", "correlationVector":"k1RKk8NLPMdTpJ9buffUzv.1","action":"EncryptionKeysManager::SetEncryptionKeys:", "result":"Success", "context":Key names[1]:[+t+xsp90bk0kC8zCCkheVMPEtOm99Sif/N3dVYp7QgrhTowpDHlzdw/4WPvXR2XjRxhRL2jtP7qMTARAZ0Yo4Q==]}
{"logTime": "1130/094328", "correlationVector":"k1RKk8NLPMdTpJ9buffUzv.2","action":"EncryptionKeysManager::SetEncryptionKeysWithTimestamps:", "result":"Success", "context":Key timestamps[1]:[2025-08-05T11:23:50Z]}
{"logTime": "1130/094328", "correlationVector":"s5KMr2swDhvOvbY34Ps3OP","action":"Initial GetUpdates", "result":"", "context":Reason: NEW_CLIENT. cV=s5KMr2swDhvOvbY34Ps3OP}
{"logTime": "1130/094328", "correlationVector":"s5KMr2swDhvOvbY34Ps3OP.3","action":"GetUpdates Response", "result":"Success", "context":Received 1 update(s). cV=s5KMr2swDhvOvbY34Ps3OP.0;server=akswtt02300001d;cloudType=Consumer;environment=Prod_southindia_prod-s01-004-apac-southindia;migrationStage=NotStarted}
{"logTime": "1130/094328", "correlationVector":"DMLXwgbJpSitSgn8DTeUcd","action":"Initial GetUpdates", "result":"", "context":Reason: NEWLY_SUPPORTED_DATATYPE. cV=DMLXwgbJpSitSgn8DTeUcd}
{"logTime": "1130/094329", "correlationVector":"DMLXwgbJpSitSgn8DTeUcd.1","action":"SyncServerConnectionManagerRequest", "result":"SYNC_SERVER_OK", "context":{"environment":"Prod_southindia_prod-s01-004-apac-southindia", "migrationStage":"NotStarted", "server":"akswtt02300001g"}}
{"logTime": "1130/094329", "correlationVector":"DMLXwgbJpSitSgn8DTeUcd.2","action":"ProcessGetUpdates", "result":"Done", "context":{"dataType":"Passwords", "deleted":"0", "process_failed_to_decrypt":"0", "process_pending_decryption":"0", "process_success":"1", "total":"1"}}
{"logTime": "1130/094329", "correlationVector":"DMLXwgbJpSitSgn8DTeUcd.3","action":"GetUpdates Response", "result":"Success", "context":Received 1 update(s). cV=DMLXwgbJpSitSgn8DTeUcd.0;server=akswtt02300001g;cloudType=Consumer;environment=Prod_southindia_prod-s01-004-apac-southindia;migrationStage=NotStarted}
{"logTime": "1130/094329", "correlationVector":"xCwjOAThSs8oyQXzAHTqZB","action":"Normal GetUpdate request", "result":"", "context":cV=xCwjOAThSs8oyQXzAHTqZB
Nudged types: Sessions, Device Info, History
Refresh requested types: Bookmarks, Preferences, Passwords, Autofill Profiles, Autofill, Extensions, Sessions, Extension settings, History Delete Directives, Device Info, User Consents, Send Tab To Self, Web Apps, History, Saved Tab Group, WebAuthn Credentials, Collection, Edge E Drop, Edge Hub App Usage, Edge Wallet, Encryption Keys}
{"logTime": "1130/094329", "correlationVector":"xCwjOAThSs8oyQXzAHTqZB.1","action":"SyncServerConnectionManagerRequest", "result":"SYNC_SERVER_OK", "context":{"environment":"Prod_southindia_prod-s01-004-apac-southindia", "migrationStage":"NotStarted", "server":"akswtt02300001w"}}
{"logTime": "1130/094329", "correlationVector":"xCwjOAThSs8oyQXzAHTqZB.2","action":"ProcessGetUpdates", "result":"Done", "context":{"dataType":"Preferences", "deleted":"0", "process_failed_to_decrypt":"0", "process_pending_decryption":"0", "process_success":"1", "total":"1"}}
{"logTime": "1130/094329", "correlationVector":"xCwjOAThSs8oyQXzAHTqZB.3","action":"ProcessGetUpdates", "result":"Done", "context":{"dataType":"Sessions", "deleted":"4", "process_failed_to_decrypt":"0", "process_pending_decryption":"0", "process_success":"5", "total":"5"}}
{"logTime": "1130/094329", "correlationVector":"xCwjOAThSs8oyQXzAHTqZB.4","action":"ProcessGetUpdates", "result":"Done", "context":{"dataType":"Device Info", "deleted":"0", "process_failed_to_decrypt":"0", "process_pending_decryption":"0", "process_success":"1", "total":"1"}}
{"logTime": "1130/094329", "correlationVector":"xCwjOAThSs8oyQXzAHTqZB.5","action":"GetUpdates Response", "result":"Success", "context":Received 7 update(s). cV=xCwjOAThSs8oyQXzAHTqZB.0;server=akswtt02300001w;cloudType=Consumer;environment=Prod_southindia_prod-s01-004-apac-southindia;migrationStage=NotStarted}
{"logTime": "1130/094330", "correlationVector":"QQy8bLS3SR+afDfty4e9QI","action":"Commit Request", "result":"", "context":Item count: 5
Contributing types: Sessions, Device Info, History}
{"logTime": "1130/094331", "correlationVector":"QQy8bLS3SR+afDfty4e9QI.1","action":"SyncServerConnectionManagerRequest", "result":"SYNC_SERVER_OK", "context":{"environment":"Prod_southindia_prod-s01-004-apac-southindia", "migrationStage":"NotStarted", "server":"akswtt02300000l"}}
{"logTime": "1130/094331", "correlationVector":"QQy8bLS3SR+afDfty4e9QI.2","action":"Commit Response", "result":"Success", "context":Result: Success. cV=QQy8bLS3SR+afDfty4e9QI.0;server=akswtt02300000l;cloudType=Consumer;environment=Prod_southindia_prod-s01-004-apac-southindia;migrationStage=NotStarted}
{"logTime": "1130/103245", "correlationVector":"rmTjZbPaViHp2/8LKkcTyk","action":"Commit Request", "result":"", "context":Item count: 1
Contributing types: Sessions}
{"logTime": "1130/103246", "correlationVector":"rmTjZbPaViHp2/8LKkcTyk.1","action":"SyncServerConnectionManagerRequest", "result":"SYNC_SERVER_OK", "context":{"environment":"Prod_southindia_prod-s01-004-apac-southindia", "migrationStage":"NotStarted", "server":"akswtt023000020"}}
{"logTime": "1130/103246", "correlationVector":"rmTjZbPaViHp2/8LKkcTyk.2","action":"Commit Response", "result":"Success", "context":Result: Success. cV=rmTjZbPaViHp2/8LKkcTyk.0;server=akswtt023000020;cloudType=Consumer;environment=Prod_southindia_prod-s01-004-apac-southindia;migrationStage=NotStarted}
{"logTime": "1130/105202", "correlationVector":"2kvEZc3Cj5CKIBm4TImT7u","action":"Commit Request", "result":"", "context":Item count: 1
Contributing types: Sessions}
{"logTime": "1130/105203", "correlationVector":"2kvEZc3Cj5CKIBm4TImT7u.1","action":"SyncServerConnectionManagerRequest", "result":"SYNC_SERVER_OK", "context":{"environment":"Prod_southindia_prod-s01-004-apac-southindia", "migrationStage":"NotStarted", "server":"akswtt02300000t"}}
{"logTime": "1130/105203", "correlationVector":"2kvEZc3Cj5CKIBm4TImT7u.2","action":"Commit Response", "result":"Success", "context":Result: Success. cV=2kvEZc3Cj5CKIBm4TImT7u.0;server=akswtt02300000t;cloudType=Consumer;environment=Prod_southindia_prod-s01-004-apac-southindia;migrationStage=NotStarted}
{"logTime": "1130/110249", "correlationVector":"ZPgIIpf+2mcYe9P7pu94HH","action":"Commit Request", "result":"", "context":Item count: 6
Contributing types: Sessions, History}
{"logTime": "1130/110251", "correlationVector":"ZPgIIpf+2mcYe9P7pu94HH.1","action":"SyncServerConnectionManagerRequest", "result":"SYNC_SERVER_OK", "context":{"environment":"Prod_southindia_prod-s01-004-apac-southindia", "migrationStage":"NotStarted", "server":"akswtt023000000"}}
{"logTime": "1130/110251", "correlationVector":"ZPgIIpf+2mcYe9P7pu94HH.2","action":"Commit Response", "result":"Success", "context":Result: Success. cV=ZPgIIpf+2mcYe9P7pu94HH.0;server=akswtt023000000;cloudType=Consumer;environment=Prod_southindia_prod-s01-004-apac-southindia;migrationStage=NotStarted}
{"logTime": "1130/111522", "correlationVector":"umP+7CJcX3JFRfpamVnHxx","action":"Normal GetUpdate request", "result":"", "context":cV=umP+7CJcX3JFRfpamVnHxx
Notified types: Device Info}
{"logTime": "1130/111523", "correlationVector":"umP+7CJcX3JFRfpamVnHxx.1","action":"SyncServerConnectionManagerRequest", "result":"SYNC_SERVER_OK", "context":{"environment":"Prod_southindia_prod-s01-004-apac-southindia", "migrationStage":"NotStarted", "server":"akswtt02300001y"}}
{"logTime": "1130/111523", "correlationVector":"umP+7CJcX3JFRfpamVnHxx.2","action":"ProcessGetUpdates", "result":"Done", "context":{"dataType":"Sessions", "deleted":"0", "process_failed_to_decrypt":"0", "process_pending_decryption":"0", "process_success":"4", "total":"4"}}
{"logTime": "1130/111523", "correlationVector":"umP+7CJcX3JFRfpamVnHxx.3","action":"ProcessGetUpdates", "result":"Done", "context":{"dataType":"Device Info", "deleted":"0", "process_failed_to_decrypt":"0", "process_pending_decryption":"0", "process_success":"2", "total":"2"}}
{"logTime": "1130/111523", "correlationVector":"umP+7CJcX3JFRfpamVnHxx.4","action":"ProcessGetUpdates", "result":"Done", "context":{"dataType":"History", "deleted":"0", "process_failed_to_decrypt":"0", "process_pending_decryption":"0", "process_success":"4", "total":"4"}}
{"logTime": "1130/111523", "correlationVector":"umP+7CJcX3JFRfpamVnHxx.5","action":"GetUpdates Response", "result":"Success", "context":Received 10 update(s). cV=umP+7CJcX3JFRfpamVnHxx.0;server=akswtt02300001y;cloudType=Consumer;environment=Prod_southindia_prod-s01-004-apac-southindia;migrationStage=NotStarted}
{"logTime": "1130/111612", "correlationVector":"nbiSJYXPCpLyAEIHMXV6cn","action":"Normal GetUpdate request", "result":"", "context":cV=nbiSJYXPCpLyAEIHMXV6cn
Notified types: Device Info}
{"logTime": "1130/111612", "correlationVector":"nbiSJYXPCpLyAEIHMXV6cn.1","action":"SyncServerConnectionManagerRequest", "result":"SYNC_SERVER_OK", "context":{"environment":"Prod_southindia_prod-s01-004-apac-southindia", "migrationStage":"NotStarted", "server":"akswtt02300001z"}}
{"logTime": "1130/111612", "correlationVector":"nbiSJYXPCpLyAEIHMXV6cn.2","action":"ProcessGetUpdates", "result":"Done", "context":{"dataType":"Device Info", "deleted":"0", "process_failed_to_decrypt":"0", "process_pending_decryption":"0", "process_success":"1", "total":"1"}}
{"logTime": "1130/111612", "correlationVector":"nbiSJYXPCpLyAEIHMXV6cn.3","action":"GetUpdates Response", "result":"Success", "context":Received 1 update(s). cV=nbiSJYXPCpLyAEIHMXV6cn.0;server=akswtt02300001z;cloudType=Consumer;environment=Prod_southindia_prod-s01-004-apac-southindia;migrationStage=NotStarted}
{"logTime": "1130/111613", "correlationVector":"dQrJidqawpWRkmW1r5gL1g","action":"Normal GetUpdate request", "result":"", "context":cV=dQrJidqawpWRkmW1r5gL1g
Notified types: Preferences, Device Info}
{"logTime": "1130/111614", "correlationVector":"dQrJidqawpWRkmW1r5gL1g.1","action":"SyncServerConnectionManagerRequest", "result":"SYNC_SERVER_OK", "context":{"environment":"Prod_southindia_prod-s01-004-apac-southindia", "migrationStage":"NotStarted", "server":"akswtt02300001i"}}
{"logTime": "1130/111614", "correlationVector":"dQrJidqawpWRkmW1r5gL1g.2","action":"ProcessGetUpdates", "result":"Done", "context":{"dataType":"Preferences", "deleted":"0", "process_failed_to_decrypt":"0", "process_pending_decryption":"0", "process_success":"1", "total":"1"}}
{"logTime": "1130/111614", "correlationVector":"dQrJidqawpWRkmW1r5gL1g.3","action":"ProcessGetUpdates", "result":"Done", "context":{"dataType":"Device Info", "deleted":"0", "process_failed_to_decrypt":"0", "process_pending_decryption":"0", "process_success":"1", "total":"1"}}
{"logTime": "1130/111614", "correlationVector":"dQrJidqawpWRkmW1r5gL1g.4","action":"GetUpdates Response", "result":"Success", "context":Received 2 update(s). cV=dQrJidqawpWRkmW1r5gL1g.0;server=akswtt02300001i;cloudType=Consumer;environment=Prod_southindia_prod-s01-004-apac-southindia;migrationStage=NotStarted}
{"logTime": "1130/111728", "correlationVector":"jPKQZThyK3qaHM/A9fKvnw","action":"Commit Request", "result":"", "context":Item count: 3
Contributing types: Sessions}
{"logTime": "1130/111729", "correlationVector":"jPKQZThyK3qaHM/A9fKvnw.1","action":"SyncServerConnectionManagerRequest", "result":"SYNC_SERVER_OK", "context":{"environment":"Prod_southindia_prod-s01-004-apac-southindia", "migrationStage":"NotStarted", "server":"akswtt02300001t"}}
{"logTime": "1130/111729", "correlationVector":"jPKQZThyK3qaHM/A9fKvnw.3","action":"Commit.Sessions", "result":"Success", "context":{"id":"a3be4006-e835-482a-905f-d0ce1f222fac", "isDeleted":"true", "size":"0", "version":"1764500570776"}}
{"logTime": "1130/111729", "correlationVector":"jPKQZThyK3qaHM/A9fKvnw.4","action":"Commit.Sessions", "result":"Success", "context":{"id":"67c492ab-fca9-4473-9600-dd5f95014965", "isDeleted":"true", "size":"0", "version":"1764500570778"}}
{"logTime": "1130/111729", "correlationVector":"jPKQZThyK3qaHM/A9fKvnw.2","action":"Commit Response", "result":"Success", "context":Result: Success. cV=jPKQZThyK3qaHM/A9fKvnw.0;server=akswtt02300001t;cloudType=Consumer;environment=Prod_southindia_prod-s01-004-apac-southindia;migrationStage=NotStarted}
{"logTime": "1201/063115", "correlationVector":"peiTwrYJkcFc7SGiXf05FO.1","action":"SyncServerConnectionManagerRequest", "result":"SYNC_SERVER_OK", "context":{"environment":"Prod_southindia_prod-s01-004-apac-southindia", "migrationStage":"NotStarted", "server":"akswtt023000013"}}
{"logTime": "1201/063115", "correlationVector":"peiTwrYJkcFc7SGiXf05FO.2","action":"ProcessGetUpdates", "result":"Done", "context":{"dataType":"Encryption Keys", "deleted":"0", "process_failed_to_decrypt":"0", "process_pending_decryption":"0", "process_success":"1", "total":"1"}}
{"logTime": "1201/063116", "correlationVector":"RhFcpPEZOV/AcnjSRs5LKM","action":"SyncServerConnectionManagerRequest", "result":"SYNC_SERVER_OK", "context":{"environment":"", "migrationStage":"", "server":""}}
{"logTime": "1201/063116", "correlationVector":"RhFcpPEZOV/AcnjSRs5LKM.0","action":"EncryptionKeysFetcher.DownloadKeys:", "result":"Success", "context":Key count: 1, Last key timestamp: 2025-08-05T11:23:50Z}
{"logTime": "1201/063116", "correlationVector":"RhFcpPEZOV/AcnjSRs5LKM.1","action":"EncryptionKeysManager::SetEncryptionKeys:", "result":"Success", "context":Key names[1]:[+t+xsp90bk0kC8zCCkheVMPEtOm99Sif/N3dVYp7QgrhTowpDHlzdw/4WPvXR2XjRxhRL2jtP7qMTARAZ0Yo4Q==]}
{"logTime": "1201/063116", "correlationVector":"RhFcpPEZOV/AcnjSRs5LKM.2","action":"EncryptionKeysManager::SetEncryptionKeysWithTimestamps:", "result":"Success", "context":Key timestamps[1]:[2025-08-05T11:23:50Z]}
{"logTime": "1201/063116", "correlationVector":"peiTwrYJkcFc7SGiXf05FO","action":"Initial GetUpdates", "result":"", "context":Reason: NEW_CLIENT. cV=peiTwrYJkcFc7SGiXf05FO}
{"logTime": "1201/063116", "correlationVector":"peiTwrYJkcFc7SGiXf05FO.3","action":"GetUpdates Response", "result":"Success", "context":Received 1 update(s). cV=peiTwrYJkcFc7SGiXf05FO.0;server=akswtt023000013;cloudType=Consumer;environment=Prod_southindia_prod-s01-004-apac-southindia;migrationStage=NotStarted}
{"logTime": "1201/063116", "correlationVector":"gKQTgfK1Eb2ztAZSxewnby","action":"Initial GetUpdates", "result":"", "context":Reason: NEWLY_SUPPORTED_DATATYPE. cV=gKQTgfK1Eb2ztAZSxewnby}
{"logTime": "1201/063117", "correlationVector":"gKQTgfK1Eb2ztAZSxewnby.1","action":"SyncServerConnectionManagerRequest", "result":"SYNC_SERVER_OK", "context":{"environment":"Prod_southindia_prod-s01-004-apac-southindia", "migrationStage":"NotStarted", "server":"akswtt02300000o"}}
{"logTime": "1201/063117", "correlationVector":"gKQTgfK1Eb2ztAZSxewnby.2","action":"ProcessGetUpdates", "result":"Done", "context":{"dataType":"Passwords", "deleted":"0", "process_failed_to_decrypt":"0", "process_pending_decryption":"0", "process_success":"1", "total":"1"}}
{"logTime": "1201/063117", "correlationVector":"gKQTgfK1Eb2ztAZSxewnby.3","action":"GetUpdates Response", "result":"Success", "context":Received 1 update(s). cV=gKQTgfK1Eb2ztAZSxewnby.0;server=akswtt02300000o;cloudType=Consumer;environment=Prod_southindia_prod-s01-004-apac-southindia;migrationStage=NotStarted}
{"logTime": "1201/063117", "correlationVector":"EBmbdsT2UuwQKBYjdlttmY","action":"Normal GetUpdate request", "result":"", "context":cV=EBmbdsT2UuwQKBYjdlttmY
Nudged types: Sessions, Device Info, History
Refresh requested types: Bookmarks, Preferences, Passwords, Autofill Profiles, Autofill, Extensions, Sessions, Extension settings, History Delete Directives, Device Info, User Consents, Send Tab To Self, Web Apps, History, Saved Tab Group, WebAuthn Credentials, Collection, Edge E Drop, Edge Hub App Usage, Edge Wallet, Encryption Keys}
{"logTime": "1201/063118", "correlationVector":"EBmbdsT2UuwQKBYjdlttmY.1","action":"SyncServerConnectionManagerRequest", "result":"SYNC_SERVER_OK", "context":{"environment":"Prod_southindia_prod-s01-004-apac-southindia", "migrationStage":"NotStarted", "server":"akswtt02300001t"}}
{"logTime": "1201/063118", "correlationVector":"EBmbdsT2UuwQKBYjdlttmY.2","action":"ProcessGetUpdates", "result":"Done", "context":{"dataType":"Preferences", "deleted":"0", "process_failed_to_decrypt":"0", "process_pending_decryption":"0", "process_success":"2", "total":"2"}}
{"logTime": "1201/063118", "correlationVector":"EBmbdsT2UuwQKBYjdlttmY.3","action":"ProcessGetUpdates", "result":"Done", "context":{"dataType":"Sessions", "deleted":"4", "process_failed_to_decrypt":"0", "process_pending_decryption":"0", "process_success":"5", "total":"5"}}
{"logTime": "1201/063118", "correlationVector":"EBmbdsT2UuwQKBYjdlttmY.4","action":"ProcessGetUpdates", "result":"Done", "context":{"dataType":"Device Info", "deleted":"0", "process_failed_to_decrypt":"0", "process_pending_decryption":"0", "process_success":"1", "total":"1"}}
{"logTime": "1201/063118", "correlationVector":"EBmbdsT2UuwQKBYjdlttmY.5","action":"GetUpdates Response", "result":"Success", "context":Received 8 update(s). cV=EBmbdsT2UuwQKBYjdlttmY.0;server=akswtt02300001t;cloudType=Consumer;environment=Prod_southindia_prod-s01-004-apac-southindia;migrationStage=NotStarted}
{"logTime": "1201/063118", "correlationVector":"bcPE/L+W0gKiVSp5d8SOdc","action":"Commit Request", "result":"", "context":Item count: 4
Contributing types: Sessions, Device Info, History}
{"logTime": "1201/063119", "correlationVector":"bcPE/L+W0gKiVSp5d8SOdc.1","action":"SyncServerConnectionManagerRequest", "result":"SYNC_SERVER_OK", "context":{"environment":"Prod_southindia_prod-s01-004-apac-southindia", "migrationStage":"NotStarted", "server":"akswtt023000005"}}
{"logTime": "1201/063119", "correlationVector":"bcPE/L+W0gKiVSp5d8SOdc.2","action":"Commit Response", "result":"Success", "context":Result: Success. cV=bcPE/L+W0gKiVSp5d8SOdc.0;server=akswtt023000005;cloudType=Consumer;environment=Prod_southindia_prod-s01-004-apac-southindia;migrationStage=NotStarted}
{"logTime": "1201/063119", "correlationVector":"nQvO3mS8Tx1/cgQIDPKiPL","action":"Poll GetUpdate request", "result":"", "context":cV=nQvO3mS8Tx1/cgQIDPKiPL}
{"logTime": "1201/063119", "correlationVector":"nQvO3mS8Tx1/cgQIDPKiPL.1","action":"SyncServerConnectionManagerRequest", "result":"SYNC_SERVER_OK", "context":{"environment":"Prod_southindia_prod-s01-004-apac-southindia", "migrationStage":"NotStarted", "server":"akswtt02300002i"}}
{"logTime": "1201/063119", "correlationVector":"nQvO3mS8Tx1/cgQIDPKiPL.2","action":"ProcessGetUpdates", "result":"Done", "context":{"dataType":"Sessions", "deleted":"0", "process_failed_to_decrypt":"0", "process_pending_decryption":"0", "process_success":"2", "total":"2"}}
{"logTime": "1201/063119", "correlationVector":"nQvO3mS8Tx1/cgQIDPKiPL.3","action":"ProcessGetUpdates", "result":"Done", "context":{"dataType":"Device Info", "deleted":"0", "process_failed_to_decrypt":"0", "process_pending_decryption":"0", "process_success":"1", "total":"1"}}
{"logTime": "1201/063119", "correlationVector":"nQvO3mS8Tx1/cgQIDPKiPL.4","action":"ProcessGetUpdates", "result":"Done", "context":{"dataType":"History", "deleted":"0", "process_failed_to_decrypt":"0", "process_pending_decryption":"0", "process_success":"1", "total":"1"}}
{"logTime": "1201/063119", "correlationVector":"nQvO3mS8Tx1/cgQIDPKiPL.5","action":"GetUpdates Response", "result":"Success", "context":Received 4 update(s). cV=nQvO3mS8Tx1/cgQIDPKiPL.0;server=akswtt02300002i;cloudType=Consumer;environment=Prod_southindia_prod-s01-004-apac-southindia;migrationStage=NotStarted}
{"logTime": "1201/063214", "correlationVector":"deBz4rVbgtAsynxl0J9WQs","action":"Commit Request", "result":"", "context":Item count: 3
Contributing types: Sessions, History, Edge Hub App Usage}
{"logTime": "1201/063215", "correlationVector":"deBz4rVbgtAsynxl0J9WQs.1","action":"SyncServerConnectionManagerRequest", "result":"SYNC_SERVER_OK", "context":{"environment":"Prod_southindia_prod-s01-004-apac-southindia", "migrationStage":"NotStarted", "server":"akswtt023000019"}}
{"logTime": "1201/063215", "correlationVector":"deBz4rVbgtAsynxl0J9WQs.2","action":"Commit Response", "result":"Success", "context":Result: Success. cV=deBz4rVbgtAsynxl0J9WQs.0;server=akswtt023000019;cloudType=Consumer;environment=Prod_southindia_prod-s01-004-apac-southindia;migrationStage=NotStarted}
